#! /usr/local/bin/vvp -v
:ivl_version "12.0 (devel)" "(s20150603-955-gd6e01d0c)";
:ivl_delay_selection "TYPICAL";
:vpi_time_precision + 0;
:vpi_module "/usr/local/lib/ivl/system.vpi";
:vpi_module "/usr/local/lib/ivl/vhdl_sys.vpi";
:vpi_module "/usr/local/lib/ivl/vhdl_textio.vpi";
:vpi_module "/usr/local/lib/ivl/v2005_math.vpi";
:vpi_module "/usr/local/lib/ivl/va_math.vpi";
S_0x555b233119c0 .scope module, "i2c" "i2c" 2 2;
 .timescale 0 0;
    .port_info 0 /INPUT 1 "PIN_1";
    .port_info 1 /OUTPUT 1 "PIN_2";
o0x7f735c5a0018 .functor BUFZ 1, C4<z>; HiZ drive
L_0x555b23358750 .functor BUFZ 1, o0x7f735c5a0018, C4<0>, C4<0>, C4<0>;
L_0x555b233587f0 .functor NOT 1, L_0x555b23358750, C4<0>, C4<0>, C4<0>;
v0x555b23335210_0 .net "PIN_1", 0 0, o0x7f735c5a0018;  0 drivers
o0x7f735c5a0048 .functor BUFZ 1, C4<z>; HiZ drive
v0x555b233582e0_0 .net "PIN_2", 0 0, o0x7f735c5a0048;  0 drivers
v0x555b233583a0_0 .net "scl", 0 0, L_0x555b23358750;  1 drivers
v0x555b23358440_0 .net "sda", 0 0, L_0x555b233587f0;  1 drivers
v0x555b23358500_0 .var "sr", 2 0;
v0x555b23358630_0 .var "start_detect", 0 0;
E_0x555b233488d0 .event "_ivl_6";
E_0x555b23332c30 .event negedge, v0x555b23358440_0;
    .scope S_0x555b233119c0;
T_0 ;
    %pushi/vec4 0, 0, 3;
    %store/vec4 v0x555b23358500_0, 0, 3;
    %pushi/vec4 0, 0, 1;
    %store/vec4 v0x555b23358630_0, 0, 1;
    %end;
    .thread T_0;
    .scope S_0x555b233119c0;
T_1 ;
    %wait E_0x555b23332c30;
    %load/vec4 v0x555b233583a0_0;
    %pad/u 32;
    %cmpi/e 1, 0, 32;
    %jmp/0xz  T_1.0, 4;
    %pushi/vec4 1, 0, 1;
    %store/vec4 v0x555b23358630_0, 0, 1;
T_1.0 ;
    %jmp T_1;
    .thread T_1;
    .scope S_0x555b233119c0;
T_2 ;
    %wait E_0x555b233488d0;
    %jmp T_2;
    .thread T_2;
# The file index is used to find the file name in the following table.
:file_names 3;
    "N/A";
    "<interactive>";
    "i2c.v";
