#! /usr/local/bin/vvp -v
:ivl_version "12.0 (devel)" "(s20150603-955-gd6e01d0c)";
:ivl_delay_selection "TYPICAL";
:vpi_time_precision - 12;
:vpi_module "/usr/local/lib/ivl/system.vpi";
:vpi_module "/usr/local/lib/ivl/vhdl_sys.vpi";
:vpi_module "/usr/local/lib/ivl/vhdl_textio.vpi";
:vpi_module "/usr/local/lib/ivl/v2005_math.vpi";
:vpi_module "/usr/local/lib/ivl/va_math.vpi";
S_0x5572bf3759c0 .scope module, "tb" "tb" 2 3;
 .timescale -9 -12;
v0x5572bf3c0160_0 .var "pin1", 0 0;
o0x7f15c4a95048 .functor BUFZ 1, C4<z>; HiZ drive
v0x5572bf3c0200_0 .net "pin2", 0 0, o0x7f15c4a95048;  0 drivers
E_0x5572bf3ae6f0 .event posedge, v0x5572bf374400_0;
S_0x5572bf374220 .scope module, "t" "i2c" 2 27, 3 2 0, S_0x5572bf3759c0;
 .timescale -9 -12;
    .port_info 0 /INPUT 1 "PIN_1";
    .port_info 1 /OUTPUT 1 "PIN_2";
L_0x5572bf3c02d0 .functor BUFZ 1, v0x5572bf3c0160_0, C4<0>, C4<0>, C4<0>;
L_0x5572bf3c03c0 .functor NOT 1, L_0x5572bf3c02d0, C4<0>, C4<0>, C4<0>;
v0x5572bf374400_0 .net "PIN_1", 0 0, v0x5572bf3c0160_0;  1 drivers
v0x5572bf3bfcf0_0 .net "PIN_2", 0 0, o0x7f15c4a95048;  alias, 0 drivers
v0x5572bf3bfdb0_0 .net "scl", 0 0, L_0x5572bf3c02d0;  1 drivers
v0x5572bf3bfe50_0 .net "sda", 0 0, L_0x5572bf3c03c0;  1 drivers
v0x5572bf3bff10_0 .var "sr", 2 0;
v0x5572bf3c0040_0 .var "start_detect", 0 0;
E_0x5572bf3aee80 .event "_ivl_6";
E_0x5572bf396c30 .event negedge, v0x5572bf3bfe50_0;
    .scope S_0x5572bf374220;
T_0 ;
    %pushi/vec4 0, 0, 3;
    %store/vec4 v0x5572bf3bff10_0, 0, 3;
    %pushi/vec4 0, 0, 1;
    %store/vec4 v0x5572bf3c0040_0, 0, 1;
    %end;
    .thread T_0;
    .scope S_0x5572bf374220;
T_1 ;
    %wait E_0x5572bf396c30;
    %load/vec4 v0x5572bf3bfdb0_0;
    %pad/u 32;
    %cmpi/e 1, 0, 32;
    %jmp/0xz  T_1.0, 4;
    %pushi/vec4 1, 0, 1;
    %store/vec4 v0x5572bf3c0040_0, 0, 1;
T_1.0 ;
    %jmp T_1;
    .thread T_1;
    .scope S_0x5572bf374220;
T_2 ;
    %wait E_0x5572bf3aee80;
    %jmp T_2;
    .thread T_2;
    .scope S_0x5572bf3759c0;
T_3 ;
    %vpi_call 2 5 "$dumpfile", "i2c_tb.fst" {0 0 0};
    %vpi_call 2 6 "$dumpvars", 32'sb00000000000000000000000000000000, S_0x5572bf374220 {0 0 0};
    %end;
    .thread T_3;
    .scope S_0x5572bf3759c0;
T_4 ;
    %pushi/vec4 0, 0, 1;
    %store/vec4 v0x5572bf3c0160_0, 0, 1;
    %end;
    .thread T_4;
    .scope S_0x5572bf3759c0;
T_5 ;
    %delay 31000, 0;
    %load/vec4 v0x5572bf3c0160_0;
    %nor/r;
    %store/vec4 v0x5572bf3c0160_0, 0, 1;
    %jmp T_5;
    .thread T_5;
    .scope S_0x5572bf3759c0;
T_6 ;
    %pushi/vec4 25, 0, 32;
T_6.0 %dup/vec4;
    %pushi/vec4 0, 0, 32;
    %cmp/s;
    %jmp/1xz T_6.1, 5;
    %jmp/1 T_6.1, 4;
    %pushi/vec4 1, 0, 32;
    %sub;
    %wait E_0x5572bf3ae6f0;
    %jmp T_6.0;
T_6.1 ;
    %pop/vec4 1;
    %vpi_call 2 24 "$finish" {0 0 0};
    %end;
    .thread T_6;
# The file index is used to find the file name in the following table.
:file_names 4;
    "N/A";
    "<interactive>";
    "i2c_tb.v";
    "i2c.v";
