
icetime topological timing analysis report
==========================================

Info: max_span_hack is enabled: estimate is conservative.

Report for critical path:
-------------------------

        lc40_3_29_2 (LogicCell40) [clk] -> lcout: 0.896 ns
     0.896 ns net_11708 (blink_counter[0])
        t30 (LocalMux) I -> O: 0.486 ns
        inmux_4_29_19903_19936 (InMux) I -> O: 0.382 ns
        t6 (CascadeMux) I -> O: 0.000 ns
        lc40_4_29_0 (LogicCell40) in2 -> carryout: 0.341 ns
     2.105 ns t2
        lc40_4_29_1 (LogicCell40) carryin -> carryout: 0.186 ns
     2.291 ns net_19939 (blink_counter_SB_CARRY_CI_CO[2])
        lc40_4_29_2 (LogicCell40) carryin -> carryout: 0.186 ns
     2.478 ns net_19945 (blink_counter_SB_CARRY_CI_CO[3])
        lc40_4_29_3 (LogicCell40) carryin -> carryout: 0.186 ns
     2.664 ns net_19951 (blink_counter_SB_CARRY_CI_CO[4])
        lc40_4_29_4 (LogicCell40) carryin -> carryout: 0.186 ns
     2.850 ns net_19957 (blink_counter_SB_CARRY_CI_CO[5])
        lc40_4_29_5 (LogicCell40) carryin -> carryout: 0.186 ns
     3.036 ns net_19963 (blink_counter_SB_CARRY_CI_CO[6])
        lc40_4_29_6 (LogicCell40) carryin -> carryout: 0.186 ns
     3.222 ns net_19969 (blink_counter_SB_CARRY_CI_CO[7])
        lc40_4_29_7 (LogicCell40) carryin -> carryout: 0.186 ns
     3.408 ns net_19975 (blink_counter_SB_CARRY_CI_CO[8])
        t3 (ICE_CARRY_IN_MUX) carryinitin -> carryinitout: 0.289 ns
        lc40_4_30_0 (LogicCell40) carryin -> carryout: 0.186 ns
     3.883 ns net_20056 (blink_counter_SB_CARRY_CI_CO[9])
        lc40_4_30_1 (LogicCell40) carryin -> carryout: 0.186 ns
     4.069 ns net_20062 (blink_counter_SB_CARRY_CI_CO[10])
        lc40_4_30_2 (LogicCell40) carryin -> carryout: 0.186 ns
     4.255 ns net_20068 (blink_counter_SB_CARRY_CI_CO[11])
        lc40_4_30_3 (LogicCell40) carryin -> carryout: 0.186 ns
     4.442 ns net_20074 (blink_counter_SB_CARRY_CI_CO[12])
        lc40_4_30_4 (LogicCell40) carryin -> carryout: 0.186 ns
     4.628 ns net_20080 (blink_counter_SB_CARRY_CI_CO[13])
        lc40_4_30_5 (LogicCell40) carryin -> carryout: 0.186 ns
     4.814 ns net_20086 (blink_counter_SB_CARRY_CI_CO[14])
        lc40_4_30_6 (LogicCell40) carryin -> carryout: 0.186 ns
     5.000 ns net_20092 (blink_counter_SB_CARRY_CI_CO[15])
        lc40_4_30_7 (LogicCell40) carryin -> carryout: 0.186 ns
     5.186 ns net_20098 (blink_counter_SB_CARRY_CI_CO[16])
        t4 (ICE_CARRY_IN_MUX) carryinitin -> carryinitout: 0.289 ns
        lc40_4_31_0 (LogicCell40) carryin -> carryout: 0.186 ns
     5.661 ns net_20179 (blink_counter_SB_CARRY_CI_CO[17])
        lc40_4_31_1 (LogicCell40) carryin -> carryout: 0.186 ns
     5.847 ns net_20185 (blink_counter_SB_CARRY_CI_CO[18])
        lc40_4_31_2 (LogicCell40) carryin -> carryout: 0.186 ns
     6.033 ns net_20191 (blink_counter_SB_CARRY_CI_CO[19])
        lc40_4_31_3 (LogicCell40) carryin -> carryout: 0.186 ns
     6.220 ns net_20197 (blink_counter_SB_CARRY_CI_CO[20])
        lc40_4_31_4 (LogicCell40) carryin -> carryout: 0.186 ns
     6.406 ns net_20203 (blink_counter_SB_CARRY_CI_CO[21])
        lc40_4_31_5 (LogicCell40) carryin -> carryout: 0.186 ns
     6.592 ns net_20209 (blink_counter_SB_CARRY_CI_CO[22])
        lc40_4_31_6 (LogicCell40) carryin -> carryout: 0.186 ns
     6.778 ns net_20215 (blink_counter_SB_CARRY_CI_CO[23])
        lc40_4_31_7 (LogicCell40) carryin -> carryout: 0.186 ns
     6.964 ns net_20221 (blink_counter_SB_CARRY_CI_CO[24])
        t5 (ICE_CARRY_IN_MUX) carryinitin -> carryinitout: 0.289 ns
        lc40_4_32_0 (LogicCell40) carryin -> carryout: 0.186 ns
     7.439 ns net_20302 (blink_counter_SB_CARRY_CI_CO[25])
        inmux_4_32_20302_20312 (InMux) I -> O: 0.382 ns
     7.822 ns net_20312 (blink_counter_SB_CARRY_CI_CO[25])
        lc40_4_32_1 (LogicCell40) in3 [setup]: 0.320 ns
     8.142 ns net_16153 (LED_SB_LUT4_O_I2[0])

Resolvable net names on path:
     0.896 ns ..  1.764 ns blink_counter[0]
     2.291 ns ..  2.291 ns blink_counter_SB_CARRY_CI_CO[2]
     2.478 ns ..  2.478 ns blink_counter_SB_CARRY_CI_CO[3]
     2.664 ns ..  2.664 ns blink_counter_SB_CARRY_CI_CO[4]
     2.850 ns ..  2.850 ns blink_counter_SB_CARRY_CI_CO[5]
     3.036 ns ..  3.036 ns blink_counter_SB_CARRY_CI_CO[6]
     3.222 ns ..  3.222 ns blink_counter_SB_CARRY_CI_CO[7]
     3.408 ns ..  3.697 ns blink_counter_SB_CARRY_CI_CO[8]
     3.883 ns ..  3.883 ns blink_counter_SB_CARRY_CI_CO[9]
     4.069 ns ..  4.069 ns blink_counter_SB_CARRY_CI_CO[10]
     4.255 ns ..  4.255 ns blink_counter_SB_CARRY_CI_CO[11]
     4.442 ns ..  4.442 ns blink_counter_SB_CARRY_CI_CO[12]
     4.628 ns ..  4.628 ns blink_counter_SB_CARRY_CI_CO[13]
     4.814 ns ..  4.814 ns blink_counter_SB_CARRY_CI_CO[14]
     5.000 ns ..  5.000 ns blink_counter_SB_CARRY_CI_CO[15]
     5.186 ns ..  5.475 ns blink_counter_SB_CARRY_CI_CO[16]
     5.661 ns ..  5.661 ns blink_counter_SB_CARRY_CI_CO[17]
     5.847 ns ..  5.847 ns blink_counter_SB_CARRY_CI_CO[18]
     6.033 ns ..  6.033 ns blink_counter_SB_CARRY_CI_CO[19]
     6.220 ns ..  6.220 ns blink_counter_SB_CARRY_CI_CO[20]
     6.406 ns ..  6.406 ns blink_counter_SB_CARRY_CI_CO[21]
     6.592 ns ..  6.592 ns blink_counter_SB_CARRY_CI_CO[22]
     6.778 ns ..  6.778 ns blink_counter_SB_CARRY_CI_CO[23]
     6.964 ns ..  7.253 ns blink_counter_SB_CARRY_CI_CO[24]
     7.439 ns ..  7.822 ns blink_counter_SB_CARRY_CI_CO[25]
                  lcout -> LED_SB_LUT4_O_I2[0]

Total number of logic levels: 26
Total path delay: 8.14 ns (122.82 MHz)

